Arguments: 
  C:\Program Files\nodejs\node.exe C:\Users\michael\AppData\Roaming\npm\node_modules\yarn\bin\yarn.js add @types/jwt

PATH: 
  C:\Program Files (x86)\Common Files\Oracle\Java\javapath;C:\Program Files (x86)\Intel\Intel(R) Management Engine Components\iCLS\;C:\Program Files\Intel\Intel(R) Management Engine Components\iCLS\;C:\Windows\system32;C:\Windows;C:\Windows\System32\Wbem;C:\Windows\System32\WindowsPowerShell\v1.0\;C:\Program Files (x86)\Intel\Intel(R) Management Engine Components\DAL;C:\Program Files\Intel\Intel(R) Management Engine Components\DAL;C:\Program Files (x86)\Intel\Intel(R) Management Engine Components\IPT;C:\Program Files\Intel\Intel(R) Management Engine Components\IPT;C:\Program Files (x86)\NVIDIA Corporation\PhysX\Common;C:\Program Files\Git\cmd;C:\Program Files (x86)\Bitvise SSH Client;C:\Program Files\Intel\WiFi\bin\;C:\Program Files\Common Files\Intel\WirelessCommon\;C:\Users\Public\curl\curl-7.65.3-win64-mingw\bin;C:\TDM-GCC-64\bin;C:\lua-5.3.5\src;C:\Program Files (x86)\LuaRocks;C:\Program Files (x86)\mingw-w64\i686-8.1.0-posix-dwarf-rt_v6-rev0\mingw32\bin;C:\MinGW\bin;C:\mingw64\bin;C:\lua-5.3.5\src\systree\share\lua\5.3\socket;C:\Dwimperl\perl\bin;C:\Dwimperl\perl\site\bin;C:\Dwimperl\c\bin;C:\Users\michael\Downloads\openresty-1.15.8.1-win64;C:\WINDOWS\system32;C:\WINDOWS;C:\WINDOWS\System32\Wbem;C:\WINDOWS\System32\WindowsPowerShell\v1.0\;C:\WINDOWS\System32\OpenSSH\;C:\Program Files\Java\jdk1.8.0_231\bin;C:\Program Files\PostgreSQL\11\bin;C:\Program Files\PostgreSQL\11\lib;C:\Program Files\nodejs\;C:\Program Files\MongoDB\Server\4.4\bin;C:\Users\michael\.windows-build-tools\python27\;C:\Users\michael\AppData\Local\Microsoft\WindowsApps;C:\Program Files\JetBrains\PhpStorm 2019.2\bin;C:\Users\michael\AppData\Roaming\LuaRocks\bin;C:\Users\michael\AppData\Local\Programs\Microsoft VS Code\bin;C:\Users\michael\AppData\Local\GitHubDesktop\bin;;C:\Program Files\JetBrains\WebStorm 2020.1.2\bin;C:\Program Files\JetBrains\IntelliJ IDEA Community Edition 2019.2.4\bin;C:\Users\michael\AppData\Roaming\npm;C:\Program Files\heroku\bin;%USERPROFILE%\AppData\Local\Microsoft\WindowsApps

Yarn version: 
  1.19.1

Node version: 
  13.8.0

Platform: 
  win32 x64

Trace: 
  Error: https://registry.yarnpkg.com/@types%2fjwt: Not found
      at Request.params.callback [as _callback] (C:\Users\michael\AppData\Roaming\npm\node_modules\yarn\lib\cli.js:66926:18)
      at Request.self.callback (C:\Users\michael\AppData\Roaming\npm\node_modules\yarn\lib\cli.js:140564:22)
      at Request.emit (events.js:321:20)
      at Request.<anonymous> (C:\Users\michael\AppData\Roaming\npm\node_modules\yarn\lib\cli.js:141536:10)
      at Request.emit (events.js:321:20)
      at IncomingMessage.<anonymous> (C:\Users\michael\AppData\Roaming\npm\node_modules\yarn\lib\cli.js:141458:12)
      at Object.onceWrapper (events.js:427:28)
      at IncomingMessage.emit (events.js:333:22)
      at endReadableNT (_stream_readable.js:1201:12)
      at processTicksAndRejections (internal/process/task_queues.js:84:21)

npm manifest: 
  {
    "name": "backend",
    "version": "1.0.0",
    "main": "index.js",
    "license": "MIT",
    "dependencies": {
      "@types/express": "^4.17.8",
      "@types/jsonwebtoken": "^8.5.0",
      "@types/mongoose": "^5.7.36",
      "@types/nodemailer": "^6.4.0",
      "@types/passport": "^1.0.4",
      "@types/passport-jwt": "^3.0.3",
      "@types/passport-local": "^1.0.33",
      "body-parser": "^1.19.0",
      "dotenv": "^8.2.0",
      "express": "^4.17.1",
      "express-validator": "^6.6.1",
      "jsonwebtoken": "^8.5.1",
      "mongoose": "^5.10.7",
      "nodemailer": "^6.4.11",
      "nodemon": "^2.0.4",
      "passport": "^0.4.1",
      "passport-jwt": "^4.0.0",
      "passport-local": "^1.0.0",
      "ts-node": "^9.0.0",
      "typescript": "^4.0.3"
    },
    "scripts": {
      "start": "node dist/server.js",
      "dev": "ts-node server.ts",
      "nodemon": "nodemon"
    }
  }

yarn manifest: 
  No manifest

Lockfile: 
  No lockfile
